<?xml version="1.0" encoding="UTF-8"?>
<testsuite name="AccountTests" tests="14" skipped="0" failures="0" errors="0" timestamp="2024-03-08T19:10:35" hostname="DESKTOP-HCVG8L3" time="0.086">
  <properties/>
  <testcase name="checkClientNotifications()" classname="AccountTests" time="0.04"/>
  <testcase name="tryWithdrawalAmountGreatThenCurrentAmountInDepositAccount()" classname="AccountTests" time="0.005"/>
  <testcase name="tryWithdrawalAmountGreatThenCurrentAmountInDebitAccount()" classname="AccountTests" time="0.002"/>
  <testcase name="checkDayCalculateInCredit()" classname="AccountTests" time="0.008"/>
  <testcase name="checkTransferBetweenDifferenceBanks()" classname="AccountTests" time="0.001"/>
  <testcase name="checkApproveInCredit()" classname="AccountTests" time="0.002"/>
  <testcase name="checkTransferCancellationBetweenDifferenceBanks()" classname="AccountTests" time="0.006"/>
  <testcase name="checkDayCalculateInDebit()" classname="AccountTests" time="0.001"/>
  <testcase name="checkDayCalculateInDeposit()" classname="AccountTests" time="0.001"/>
  <testcase name="tryRefillWithNegativeAmountInDeposit()" classname="AccountTests" time="0.002"/>
  <testcase name="tryWithdrawalAmountGreatThenCurrentAmountInCreditAccount()" classname="AccountTests" time="0.001"/>
  <testcase name="checkTimeLapse()" classname="AccountTests" time="0.001"/>
  <testcase name="checkApproveInDebit()" classname="AccountTests" time="0.001"/>
  <testcase name="checkApproveInDeposit()" classname="AccountTests" time="0.0"/>
  <system-out><![CDATA[]]></system-out>
  <system-err><![CDATA[]]></system-err>
</testsuite>
